INF [THREAD:main] com.example.springtestinglab2.SpringTestingLab2Application
       Starting SpringTestingLab2Application using Java 17.0.3.1 on DESKTOP-I8DEGTQ with PID 99848 (C:\Users\Anug Saha\Documents\Flatiron\Wk8\w8d1\spring-testing-lab-2\build\classes\java\main started by Anug Saha in C:\Users\Anug Saha\Documents\Flatiron\Wk8\w8d1\spring-testing-lab-2)
INF [THREAD:main] com.example.springtestinglab2.SpringTestingLab2Application
       Starting SpringTestingLab2Application using Java 17.0.3.1 on DESKTOP-I8DEGTQ with PID 99848 (C:\Users\Anug Saha\Documents\Flatiron\Wk8\w8d1\spring-testing-lab-2\build\classes\java\main started by Anug Saha in C:\Users\Anug Saha\Documents\Flatiron\Wk8\w8d1\spring-testing-lab-2)
DEB [THREAD:main] com.example.springtestinglab2.SpringTestingLab2Application
       Running with Spring Boot v2.7.2, Spring v5.3.22
DEB [THREAD:main] com.example.springtestinglab2.SpringTestingLab2Application
       Running with Spring Boot v2.7.2, Spring v5.3.22
INF [THREAD:main] com.example.springtestinglab2.SpringTestingLab2Application
       No active profile set, falling back to 1 default profile: "default"
INF [THREAD:main] com.example.springtestinglab2.SpringTestingLab2Application
       No active profile set, falling back to 1 default profile: "default"
INF [THREAD:main] org.springframework.boot.web.embedded.tomcat.TomcatWebServer
       Tomcat initialized with port(s): 8080 (http)
INF [THREAD:main] org.apache.catalina.core.StandardService
       Starting service [Tomcat]
INF [THREAD:main] org.apache.catalina.core.StandardEngine
       Starting Servlet engine: [Apache Tomcat/9.0.65]
INF [THREAD:main] org.apache.catalina.core.ContainerBase.[Tomcat].[localhost].[/]
       Initializing Spring embedded WebApplicationContext
INF [THREAD:main] org.springframework.boot.web.servlet.context.ServletWebServerApplicationContext
       Root WebApplicationContext: initialization completed in 1523 ms
INF [THREAD:main] org.springframework.boot.web.embedded.tomcat.TomcatWebServer
       Tomcat started on port(s): 8080 (http) with context path ''
INF [THREAD:main] com.example.springtestinglab2.SpringTestingLab2Application
       Started SpringTestingLab2Application in 2.694 seconds (JVM running for 3.772)
INF [THREAD:main] com.example.springtestinglab2.SpringTestingLab2Application
       Started SpringTestingLab2Application in 2.694 seconds (JVM running for 3.772)
INF [THREAD:http-nio-8080-exec-1] org.apache.catalina.core.ContainerBase.[Tomcat].[localhost].[/]
       Initializing Spring DispatcherServlet 'dispatcherServlet'
INF [THREAD:http-nio-8080-exec-1] org.springframework.web.servlet.DispatcherServlet
       Initializing Servlet 'dispatcherServlet'
INF [THREAD:http-nio-8080-exec-1] org.springframework.web.servlet.DispatcherServlet
       Completed initialization in 0 ms
TRA [THREAD:http-nio-8080-exec-1] com.example.springtestinglab2.BitcoinService
       Application is fetching bitcoin information
TRA [THREAD:http-nio-8080-exec-1] com.example.springtestinglab2.BitcoinService
       Application is fetching bitcoin information
INF [THREAD:http-nio-8080-exec-1] com.example.springtestinglab2.BitcoinService
       Application is displaying bitcoin price as 23957.9014711462366803
INF [THREAD:http-nio-8080-exec-1] com.example.springtestinglab2.BitcoinService
       Application is displaying bitcoin price as 23957.9014711462366803
